<?xml version="1.0" encoding="UTF-8"?>
<!-- Generated by org.testng.reporters.JUnitXMLReporter -->
<testsuite hostname="LAPTOP-F21NF111" ignored="0" name="RegrssionTest" tests="3" failures="0" timestamp="07 Oct 2018 09:27:50 GMT" time="51.959" errors="0">
  <testcase name="feature" time="18.056" classname="cucumber.api.testng.AbstractTestNGCucumberTests"/>
  <testcase name="feature" time="5.174" classname="cucumber.api.testng.AbstractTestNGCucumberTests"/>
  <testcase name="feature" time="28.291" classname="cucumber.api.testng.AbstractTestNGCucumberTests"/>
</testsuite> <!-- RegrssionTest -->
